c[?7l[2J[0mSeaBIOS (version 1.16.3-debian-1.16.3-2)


iPXE (https://ipxe.org) 00:03.0 CA00 PCI2.10 PnP PMM+06FCAF60+06F0AF60 CA00
Press Ctrl-B to configure iPXE (PCI 00:03.0)...                                                                               


Booting from Hard Disk...
Boot failed: could not read the boot disk

Booting from Floppy...
Boot failed: could not read the boot disk

Booting from DVD/CD...
[01;01H[2J[02;30HGNU GRUB  version 2.12[04;02H┌─────────────────────────────────────────────────────────────────[04;67H[04;68H───────────┐[05;02H│[05;79H│[06;02H│[06;79H│[07;02H│[07;79H│[08;02H│[08;79H│[09;02H│[09;79H│[10;02H│[10;79H│[11;02H│[11;79H│[12;02H│[12;79H│[13;02H│[13;79H│[14;02H│[14;79H│[15;02H│[15;79H│[16;02H│[16;79H│[17;02H│[17;79H│[18;02H└────────────────────────────────[18;34H[18;35H────────────────────────────────────────────┘[20;02H     Use the ↑ and ↓ keys to select which entry is highlighted.          
      Press enter to boot the selected OS, `e' to edit the commands       
      before booting or `c' for a command-line.                           [05;80H [05;03H[0;30;47m*myos                                               [05;54H[05;55H                        [06;03H[0m                                      [06;40H[06;41H                                      [07;03H                            [07;30H[07;31H                                                [08;03H                                                                            [09;03H               [09;17H[09;18H                                                             [10;03H                                                                            [11;03H                                                   [11;53H[11;54H                         [12;03H                                                                            [13;03H                                                                            [14;03H                                                                            [15;03H                                                                            [16;03H                                                                            [17;03H             [17;15H[17;16H                                                               [17;80H 





   The highlighted entry will be executed automatically in 1s.                 [05;78H

















   The highlighted entry will be executed automatically in 0s.                 [01;01H[2J[2Jc[?7l[2J[0mSeaBIOS (version 1.16.3-debian-1.16.3-2)


iPXE (https://ipxe.org) 00:03.0 CA00 PCI2.10 PnP PMM+06FCAF60+06F0AF60 CA00
Press Ctrl-B to configure iPXE (PCI 00:03.0)...                                                                               


Booting from Hard Disk...
Boot failed: could not read the boot disk

Booting from Floppy...
Boot failed: could not read the boot disk

Booting from DVD/CD...
[01;01H[2J[02;30HGNU GRUB  version 2.12[04;02H┌────────────────────────────────────────────────────────────────────────────┐[05;02H│[05;79H│[06;02H│[06;79H│[07;02H│[07;79H│[08;02H│[08;79H│[09;02H│[09;79H│[10;02H│[10;79H│[11;02H│[11;79H│[12;02H│[12;79H│[13;02H│[13;79H│[14;02H│[14;79H│[15;02H│[15;79H│[16;02H│[16;79H│[17;02H│[17;79H│[18;02H└─────────────────────────────────────────────────[18;51H[18;52H───────────────────────────┘[20;02H     U[20;07H[20;08Hse the ↑ and ↓ keys to select which entry is highlighted.          
      Press enter to boot the selected OS, `e' to edit the[21;58H[21;59H commands       
      before booting or `c' for a command-line.                           [05;80H [05;03H[0;30;47m*myos                                                [05;55H[05;56H                       [06;03H[0m                               [06;33H[06;34H                                             [07;03H                                                                            [08;03H                                  [08;36H[08;37H                                          [09;03H                                  [09;36H[09;37H                                          [10;03H                                                                            [11;03H                                                                            [12;03H                                                                            [13;03H                                                                            [14;03H                                                                [14;66H[14;67H            [15;03H                                                 [15;51H[15;52H                           [16;03H                                                   [16;53H[16;54H                         [17;03H                                [17;34H[17;35H                                            [17;80H 





   The highlighted entry will be executed automatically in 1s.                 [05;78Hqemu-system-i386: terminating on signal 15 from pid 652279 (timeout)
